[30-May-2024 01:15:25 Europe/Moscow] PHP Fatal error:  Uncaught Error: Class "controllers\controller_base" not found in D:\OpenServer\domains\task-res\controllers\notebooks.php:7
Stack trace:
#0 D:\OpenServer\domains\task-res\index.php(27): require_once()
#1 {main}
  thrown in D:\OpenServer\domains\task-res\controllers\notebooks.php on line 7
[30-May-2024 01:15:29 Europe/Moscow] PHP Fatal error:  Uncaught Error: Class "controllers\controller_base" not found in D:\OpenServer\domains\task-res\controllers\notebooks.php:7
Stack trace:
#0 D:\OpenServer\domains\task-res\index.php(27): require_once()
#1 {main}
  thrown in D:\OpenServer\domains\task-res\controllers\notebooks.php on line 7
[30-May-2024 01:21:57 Europe/Moscow] PHP Fatal error:  Uncaught Error: Class "controllers\controller_base" not found in D:\OpenServer\domains\task-res\controllers\notebooks.php:6
Stack trace:
#0 D:\OpenServer\domains\task-res\index.php(27): require_once()
#1 {main}
  thrown in D:\OpenServer\domains\task-res\controllers\notebooks.php on line 6
[30-May-2024 01:23:37 Europe/Moscow] PHP Fatal error:  Uncaught Error: Class "controllers\controller_base" not found in D:\OpenServer\domains\task-res\controllers\notebooks.php:7
Stack trace:
#0 D:\OpenServer\domains\task-res\index.php(27): require_once()
#1 {main}
  thrown in D:\OpenServer\domains\task-res\controllers\notebooks.php on line 7
[30-May-2024 01:28:29 Europe/Moscow] PHP Fatal error:  Uncaught Error: Class "app\controllers\controller_base" not found in D:\OpenServer\domains\task-res\controllers\notebooks.php:7
Stack trace:
#0 D:\OpenServer\domains\task-res\index.php(27): require_once()
#1 {main}
  thrown in D:\OpenServer\domains\task-res\controllers\notebooks.php on line 7
[30-May-2024 01:46:20 Europe/Moscow] PHP Fatal error:  Uncaught Error: Class "app\controllers\controller_base" not found in D:\OpenServer\domains\task-res\controllers\notebooks.php:8
Stack trace:
#0 D:\OpenServer\domains\task-res\index.php(27): require_once()
#1 {main}
  thrown in D:\OpenServer\domains\task-res\controllers\notebooks.php on line 8
[30-May-2024 01:46:29 Europe/Moscow] PHP Fatal error:  Uncaught Error: Class "app\controllers\controller_base" not found in D:\OpenServer\domains\task-res\controllers\notebooks.php:8
Stack trace:
#0 D:\OpenServer\domains\task-res\index.php(27): require_once()
#1 {main}
  thrown in D:\OpenServer\domains\task-res\controllers\notebooks.php on line 8
[30-May-2024 01:47:15 Europe/Moscow] PHP Fatal error:  Uncaught Error: Class "app\controllers\controller_base" not found in D:\OpenServer\domains\task-res\controllers\notebooks.php:8
Stack trace:
#0 D:\OpenServer\domains\task-res\index.php(27): require_once()
#1 {main}
  thrown in D:\OpenServer\domains\task-res\controllers\notebooks.php on line 8
[30-May-2024 01:47:16 Europe/Moscow] PHP Fatal error:  Uncaught Error: Class "app\controllers\controller_base" not found in D:\OpenServer\domains\task-res\controllers\notebooks.php:8
Stack trace:
#0 D:\OpenServer\domains\task-res\index.php(27): require_once()
#1 {main}
  thrown in D:\OpenServer\domains\task-res\controllers\notebooks.php on line 8
[30-May-2024 01:47:16 Europe/Moscow] PHP Fatal error:  Uncaught Error: Class "app\controllers\controller_base" not found in D:\OpenServer\domains\task-res\controllers\notebooks.php:8
Stack trace:
#0 D:\OpenServer\domains\task-res\index.php(27): require_once()
#1 {main}
  thrown in D:\OpenServer\domains\task-res\controllers\notebooks.php on line 8
[30-May-2024 01:47:17 Europe/Moscow] PHP Fatal error:  Uncaught Error: Class "app\controllers\controller_base" not found in D:\OpenServer\domains\task-res\controllers\notebooks.php:8
Stack trace:
#0 D:\OpenServer\domains\task-res\index.php(27): require_once()
#1 {main}
  thrown in D:\OpenServer\domains\task-res\controllers\notebooks.php on line 8
[30-May-2024 01:47:17 Europe/Moscow] PHP Fatal error:  Uncaught Error: Class "app\controllers\controller_base" not found in D:\OpenServer\domains\task-res\controllers\notebooks.php:8
Stack trace:
#0 D:\OpenServer\domains\task-res\index.php(27): require_once()
#1 {main}
  thrown in D:\OpenServer\domains\task-res\controllers\notebooks.php on line 8
[30-May-2024 01:56:12 Europe/Moscow] PHP Fatal error:  Uncaught Error: Class "app\controllers\controller_base" not found in D:\OpenServer\domains\task-res\controllers\notebooks.php:9
Stack trace:
#0 D:\OpenServer\domains\task-res\index.php(27): require_once()
#1 {main}
  thrown in D:\OpenServer\domains\task-res\controllers\notebooks.php on line 9
[30-May-2024 01:56:13 Europe/Moscow] PHP Fatal error:  Uncaught Error: Class "app\controllers\controller_base" not found in D:\OpenServer\domains\task-res\controllers\notebooks.php:9
Stack trace:
#0 D:\OpenServer\domains\task-res\index.php(27): require_once()
#1 {main}
  thrown in D:\OpenServer\domains\task-res\controllers\notebooks.php on line 9
[30-May-2024 01:57:15 Europe/Moscow] PHP Fatal error:  Uncaught Error: Class "notebooks" not found in D:\OpenServer\domains\task-res\index.php:28
Stack trace:
#0 {main}
  thrown in D:\OpenServer\domains\task-res\index.php on line 28
[30-May-2024 01:58:04 Europe/Moscow] PHP Fatal error:  Uncaught Error: Class "notebooks" not found in D:\OpenServer\domains\task-res\index.php:28
Stack trace:
#0 {main}
  thrown in D:\OpenServer\domains\task-res\index.php on line 28
[30-May-2024 01:59:36 Europe/Moscow] PHP Warning:  require_once(D:\OpenServer\domains\task-res\controllers/views/show.php): Failed to open stream: No such file or directory in D:\OpenServer\domains\task-res\controllers\controller_base.php on line 11
[30-May-2024 01:59:36 Europe/Moscow] PHP Fatal error:  Uncaught Error: Failed opening required 'D:\OpenServer\domains\task-res\controllers/views/show.php' (include_path='.') in D:\OpenServer\domains\task-res\controllers\controller_base.php:11
Stack trace:
#0 D:\OpenServer\domains\task-res\controllers\notebooks.php(11): controllers\controller_base->render()
#1 D:\OpenServer\domains\task-res\index.php(31): notebooks->show()
#2 {main}
  thrown in D:\OpenServer\domains\task-res\controllers\controller_base.php on line 11
[30-May-2024 02:06:11 Europe/Moscow] PHP Fatal error:  Uncaught Error: Class "controllers\controller_base" not found in D:\OpenServer\domains\task-res\controllers\notebooks.php:7
Stack trace:
#0 D:\OpenServer\domains\task-res\index.php(27): require_once()
#1 {main}
  thrown in D:\OpenServer\domains\task-res\controllers\notebooks.php on line 7
[30-May-2024 02:06:44 Europe/Moscow] PHP Warning:  require_once(app/controllers/controller_base.php): Failed to open stream: No such file or directory in D:\OpenServer\domains\task-res\controllers\notebooks.php on line 5
[30-May-2024 02:06:44 Europe/Moscow] PHP Fatal error:  Uncaught Error: Failed opening required 'app/controllers/controller_base.php' (include_path='.') in D:\OpenServer\domains\task-res\controllers\notebooks.php:5
Stack trace:
#0 D:\OpenServer\domains\task-res\index.php(27): require_once()
#1 {main}
  thrown in D:\OpenServer\domains\task-res\controllers\notebooks.php on line 5
[30-May-2024 02:07:33 Europe/Moscow] PHP Warning:  require_once(app/controllers/controller_base.php): Failed to open stream: No such file or directory in D:\OpenServer\domains\task-res\controllers\notebooks.php on line 5
[30-May-2024 02:07:33 Europe/Moscow] PHP Fatal error:  Uncaught Error: Failed opening required 'app/controllers/controller_base.php' (include_path='.') in D:\OpenServer\domains\task-res\controllers\notebooks.php:5
Stack trace:
#0 D:\OpenServer\domains\task-res\index.php(27): require_once()
#1 {main}
  thrown in D:\OpenServer\domains\task-res\controllers\notebooks.php on line 5
[30-May-2024 02:19:22 Europe/Moscow] PHP Warning:  require_once(D:\OpenServer\domains\task-res\controllers/views/show.php): Failed to open stream: No such file or directory in D:\OpenServer\domains\task-res\controllers\controller_base.php on line 11
[30-May-2024 02:19:22 Europe/Moscow] PHP Fatal error:  Uncaught Error: Failed opening required 'D:\OpenServer\domains\task-res\controllers/views/show.php' (include_path='.') in D:\OpenServer\domains\task-res\controllers\controller_base.php:11
Stack trace:
#0 D:\OpenServer\domains\task-res\controllers\notebooks.php(11): controllers\controller_base->render()
#1 D:\OpenServer\domains\task-res\index.php(31): notebooks->show()
#2 {main}
  thrown in D:\OpenServer\domains\task-res\controllers\controller_base.php on line 11
[30-May-2024 02:21:30 Europe/Moscow] PHP Fatal error:  Uncaught Error: Class "controllers\controller_base" not found in D:\OpenServer\domains\task-res\controllers\notebooks.php:7
Stack trace:
#0 D:\OpenServer\domains\task-res\index.php(27): require_once()
#1 {main}
  thrown in D:\OpenServer\domains\task-res\controllers\notebooks.php on line 7
[30-May-2024 20:04:01 Europe/Moscow] PHP Fatal error:  Uncaught Error: Class "controllers\controller_base" not found in D:\OpenServer\domains\task-res\controllers\notebooks.php:7
Stack trace:
#0 D:\OpenServer\domains\task-res\index.php(29): require_once()
#1 {main}
  thrown in D:\OpenServer\domains\task-res\controllers\notebooks.php on line 7
[30-May-2024 20:04:11 Europe/Moscow] PHP Fatal error:  Uncaught Error: Class "controllers\controller_base" not found in D:\OpenServer\domains\task-res\controllers\notebooks.php:7
Stack trace:
#0 D:\OpenServer\domains\task-res\index.php(29): require_once()
#1 {main}
  thrown in D:\OpenServer\domains\task-res\controllers\notebooks.php on line 7
[30-May-2024 20:14:07 Europe/Moscow] PHP Fatal error:  Uncaught Error: Class "controllers\controller_base" not found in D:\OpenServer\domains\task-res\controllers\notebooks.php:7
Stack trace:
#0 D:\OpenServer\domains\task-res\index.php(32): require_once()
#1 {main}
  thrown in D:\OpenServer\domains\task-res\controllers\notebooks.php on line 7
[30-May-2024 20:17:13 Europe/Moscow] PHP Fatal error:  Uncaught Error: Class "controllers\controller_base" not found in D:\OpenServer\domains\task-res\controllers\notebooks.php:7
Stack trace:
#0 D:\OpenServer\domains\task-res\index.php(30): require_once()
#1 {main}
  thrown in D:\OpenServer\domains\task-res\controllers\notebooks.php on line 7
[30-May-2024 20:17:36 Europe/Moscow] PHP Fatal error:  Uncaught Error: Class "controllers\controller_base" not found in D:\OpenServer\domains\task-res\controllers\notebooks.php:7
Stack trace:
#0 D:\OpenServer\domains\task-res\index.php(30): require_once()
#1 {main}
  thrown in D:\OpenServer\domains\task-res\controllers\notebooks.php on line 7
[30-May-2024 20:46:26 Europe/Moscow] PHP Warning:  require_once(D:\OpenServer\domains\task-res\controllers/views/show.php): Failed to open stream: No such file or directory in D:\OpenServer\domains\task-res\controllers\controller_base.php on line 11
[30-May-2024 20:46:26 Europe/Moscow] PHP Fatal error:  Uncaught Error: Failed opening required 'D:\OpenServer\domains\task-res\controllers/views/show.php' (include_path='.') in D:\OpenServer\domains\task-res\controllers\controller_base.php:11
Stack trace:
#0 D:\OpenServer\domains\task-res\controllers\notebooks.php(11): controllers\controller_base->render()
#1 D:\OpenServer\domains\task-res\index.php(33): notebooks->show()
#2 {main}
  thrown in D:\OpenServer\domains\task-res\controllers\controller_base.php on line 11
[01-Jun-2024 13:03:43 Europe/Moscow] PHP Fatal error:  Uncaught ArgumentCountError: Too few arguments to function notebooks::show(), 0 passed in D:\OpenServer\domains\task-res\index.php on line 35 and exactly 1 expected in D:\OpenServer\domains\task-res\controllers\notebooks.php:8
Stack trace:
#0 D:\OpenServer\domains\task-res\index.php(35): notebooks->show()
#1 {main}
  thrown in D:\OpenServer\domains\task-res\controllers\notebooks.php on line 8
[01-Jun-2024 13:03:59 Europe/Moscow] PHP Fatal error:  Uncaught ArgumentCountError: Too few arguments to function notebooks::show(), 0 passed in D:\OpenServer\domains\task-res\index.php on line 35 and exactly 1 expected in D:\OpenServer\domains\task-res\controllers\notebooks.php:8
Stack trace:
#0 D:\OpenServer\domains\task-res\index.php(35): notebooks->show()
#1 {main}
  thrown in D:\OpenServer\domains\task-res\controllers\notebooks.php on line 8
[01-Jun-2024 13:25:21 Europe/Moscow] PHP Warning:  Undefined array key 2 in D:\OpenServer\domains\task-res\index.php on line 34
[01-Jun-2024 14:35:41 Europe/Moscow] PHP Warning:  Undefined array key 2 in D:\OpenServer\domains\task-res\index.php on line 34
[01-Jun-2024 18:29:26 Europe/Moscow] PHP Warning:  Undefined array key 2 in D:\OpenServer\domains\task-res\index.php on line 34
[01-Jun-2024 23:17:44 Europe/Moscow] PHP Warning:  Undefined array key 2 in D:\OpenServer\domains\task-res\index.php on line 34
[01-Jun-2024 23:17:44 Europe/Moscow] PHP Fatal error:  Uncaught Error: Class "models\mysqli" not found in D:\OpenServer\domains\task-res\models\model_base.php:14
Stack trace:
#0 D:\OpenServer\domains\task-res\controllers\notebooks.php(10): models\model_base->__construct()
#1 D:\OpenServer\domains\task-res\index.php(34): notebooks->show()
#2 {main}
  thrown in D:\OpenServer\domains\task-res\models\model_base.php on line 14
[01-Jun-2024 23:26:40 Europe/Moscow] PHP Warning:  Undefined array key 2 in D:\OpenServer\domains\task-res\index.php on line 34
[01-Jun-2024 23:26:40 Europe/Moscow] PHP Fatal error:  Uncaught Error: Class "models\mysqli" not found in D:\OpenServer\domains\task-res\models\model_base.php:14
Stack trace:
#0 D:\OpenServer\domains\task-res\controllers\notebooks.php(10): models\model_base->__construct()
#1 D:\OpenServer\domains\task-res\index.php(34): notebooks->show()
#2 {main}
  thrown in D:\OpenServer\domains\task-res\models\model_base.php on line 14
[01-Jun-2024 23:30:02 Europe/Moscow] PHP Warning:  Undefined array key 2 in D:\OpenServer\domains\task-res\index.php on line 34
[01-Jun-2024 23:30:02 Europe/Moscow] PHP Fatal error:  Uncaught Error: Class "models\mysqli" not found in D:\OpenServer\domains\task-res\models\model_base.php:14
Stack trace:
#0 D:\OpenServer\domains\task-res\controllers\notebooks.php(10): models\model_base->__construct()
#1 D:\OpenServer\domains\task-res\index.php(34): notebooks->show()
#2 {main}
  thrown in D:\OpenServer\domains\task-res\models\model_base.php on line 14
[01-Jun-2024 23:33:58 Europe/Moscow] PHP Warning:  Undefined array key 2 in D:\OpenServer\domains\task-res\index.php on line 34
[01-Jun-2024 23:33:59 Europe/Moscow] PHP Warning:  require_once(D:\OpenServer\domains\task-res\views/../widget.php): Failed to open stream: No such file or directory in D:\OpenServer\domains\task-res\views\show.php on line 1
[01-Jun-2024 23:33:59 Europe/Moscow] PHP Fatal error:  Uncaught Error: Failed opening required 'D:\OpenServer\domains\task-res\views/../widget.php' (include_path='.') in D:\OpenServer\domains\task-res\views\show.php:1
Stack trace:
#0 D:\OpenServer\domains\task-res\controllers\controller_base.php(11): require_once()
#1 D:\OpenServer\domains\task-res\controllers\notebooks.php(12): controllers\controller_base->render()
#2 D:\OpenServer\domains\task-res\index.php(34): notebooks->show()
#3 {main}
  thrown in D:\OpenServer\domains\task-res\views\show.php on line 1
[01-Jun-2024 23:34:00 Europe/Moscow] PHP Warning:  Undefined array key 2 in D:\OpenServer\domains\task-res\index.php on line 34
[01-Jun-2024 23:34:00 Europe/Moscow] PHP Warning:  require_once(D:\OpenServer\domains\task-res\views/../widget.php): Failed to open stream: No such file or directory in D:\OpenServer\domains\task-res\views\show.php on line 1
[01-Jun-2024 23:34:00 Europe/Moscow] PHP Fatal error:  Uncaught Error: Failed opening required 'D:\OpenServer\domains\task-res\views/../widget.php' (include_path='.') in D:\OpenServer\domains\task-res\views\show.php:1
Stack trace:
#0 D:\OpenServer\domains\task-res\controllers\controller_base.php(11): require_once()
#1 D:\OpenServer\domains\task-res\controllers\notebooks.php(12): controllers\controller_base->render()
#2 D:\OpenServer\domains\task-res\index.php(34): notebooks->show()
#3 {main}
  thrown in D:\OpenServer\domains\task-res\views\show.php on line 1
[01-Jun-2024 23:38:02 Europe/Moscow] PHP Warning:  Undefined array key 2 in D:\OpenServer\domains\task-res\index.php on line 34
[01-Jun-2024 23:38:02 Europe/Moscow] PHP Warning:  require_once(/../widget.php): Failed to open stream: No such file or directory in D:\OpenServer\domains\task-res\views\show.php on line 1
[01-Jun-2024 23:38:02 Europe/Moscow] PHP Fatal error:  Uncaught Error: Failed opening required '/../widget.php' (include_path='.') in D:\OpenServer\domains\task-res\views\show.php:1
Stack trace:
#0 D:\OpenServer\domains\task-res\controllers\controller_base.php(11): require_once()
#1 D:\OpenServer\domains\task-res\controllers\notebooks.php(12): controllers\controller_base->render()
#2 D:\OpenServer\domains\task-res\index.php(34): notebooks->show()
#3 {main}
  thrown in D:\OpenServer\domains\task-res\views\show.php on line 1
[01-Jun-2024 23:38:55 Europe/Moscow] PHP Warning:  Undefined array key 2 in D:\OpenServer\domains\task-res\index.php on line 34
[01-Jun-2024 23:38:55 Europe/Moscow] PHP Warning:  require_once(D:/OpenServer/domains/task-res/widget.php): Failed to open stream: No such file or directory in D:\OpenServer\domains\task-res\views\show.php on line 1
[01-Jun-2024 23:38:55 Europe/Moscow] PHP Fatal error:  Uncaught Error: Failed opening required 'D:/OpenServer/domains/task-res/widget.php' (include_path='.') in D:\OpenServer\domains\task-res\views\show.php:1
Stack trace:
#0 D:\OpenServer\domains\task-res\controllers\controller_base.php(11): require_once()
#1 D:\OpenServer\domains\task-res\controllers\notebooks.php(12): controllers\controller_base->render()
#2 D:\OpenServer\domains\task-res\index.php(34): notebooks->show()
#3 {main}
  thrown in D:\OpenServer\domains\task-res\views\show.php on line 1
[01-Jun-2024 23:39:35 Europe/Moscow] PHP Warning:  Undefined array key 2 in D:\OpenServer\domains\task-res\index.php on line 34
[01-Jun-2024 23:44:31 Europe/Moscow] PHP Fatal error:  Uncaught mysqli_sql_exception: Unknown column 'name' in 'field list' in D:\OpenServer\domains\task-res\models\model_base.php:97
Stack trace:
#0 D:\OpenServer\domains\task-res\models\model_base.php(97): mysqli->query()
#1 D:\OpenServer\domains\task-res\controllers\notebooks.php(19): models\model_base->load()
#2 D:\OpenServer\domains\task-res\index.php(36): notebooks->add()
#3 {main}
  thrown in D:\OpenServer\domains\task-res\models\model_base.php on line 97
[01-Jun-2024 23:52:53 Europe/Moscow] PHP Fatal error:  Uncaught mysqli_sql_exception: Unknown column 'userfile' in 'field list' in D:\OpenServer\domains\task-res\models\model_base.php:97
Stack trace:
#0 D:\OpenServer\domains\task-res\models\model_base.php(97): mysqli->query()
#1 D:\OpenServer\domains\task-res\controllers\notebooks.php(19): models\model_base->load()
#2 D:\OpenServer\domains\task-res\index.php(36): notebooks->add()
#3 {main}
  thrown in D:\OpenServer\domains\task-res\models\model_base.php on line 97
[01-Jun-2024 23:53:01 Europe/Moscow] PHP Fatal error:  Uncaught mysqli_sql_exception: Unknown column 'userfile' in 'field list' in D:\OpenServer\domains\task-res\models\model_base.php:97
Stack trace:
#0 D:\OpenServer\domains\task-res\models\model_base.php(97): mysqli->query()
#1 D:\OpenServer\domains\task-res\controllers\notebooks.php(19): models\model_base->load()
#2 D:\OpenServer\domains\task-res\index.php(36): notebooks->add()
#3 {main}
  thrown in D:\OpenServer\domains\task-res\models\model_base.php on line 97
[02-Jun-2024 00:09:27 Europe/Moscow] PHP Fatal error:  Uncaught mysqli_sql_exception: Unknown column 'userfile' in 'field list' in D:\OpenServer\domains\task-res\models\model_base.php:97
Stack trace:
#0 D:\OpenServer\domains\task-res\models\model_base.php(97): mysqli->query()
#1 D:\OpenServer\domains\task-res\controllers\notebooks.php(19): models\model_base->load()
#2 D:\OpenServer\domains\task-res\index.php(36): notebooks->add()
#3 {main}
  thrown in D:\OpenServer\domains\task-res\models\model_base.php on line 97
[02-Jun-2024 00:09:30 Europe/Moscow] PHP Fatal error:  Uncaught mysqli_sql_exception: Unknown column 'userfile' in 'field list' in D:\OpenServer\domains\task-res\models\model_base.php:97
Stack trace:
#0 D:\OpenServer\domains\task-res\models\model_base.php(97): mysqli->query()
#1 D:\OpenServer\domains\task-res\controllers\notebooks.php(19): models\model_base->load()
#2 D:\OpenServer\domains\task-res\index.php(36): notebooks->add()
#3 {main}
  thrown in D:\OpenServer\domains\task-res\models\model_base.php on line 97
[02-Jun-2024 00:11:20 Europe/Moscow] PHP Fatal error:  Uncaught mysqli_sql_exception: Unknown column 'userfile' in 'field list' in D:\OpenServer\domains\task-res\models\model_base.php:97
Stack trace:
#0 D:\OpenServer\domains\task-res\models\model_base.php(97): mysqli->query()
#1 D:\OpenServer\domains\task-res\controllers\notebooks.php(19): models\model_base->load()
#2 D:\OpenServer\domains\task-res\index.php(36): notebooks->add()
#3 {main}
  thrown in D:\OpenServer\domains\task-res\models\model_base.php on line 97
[02-Jun-2024 00:11:29 Europe/Moscow] PHP Fatal error:  Uncaught mysqli_sql_exception: Incorrect date value: '' for column 'date' at row 1 in D:\OpenServer\domains\task-res\models\model_base.php:97
Stack trace:
#0 D:\OpenServer\domains\task-res\models\model_base.php(97): mysqli->query()
#1 D:\OpenServer\domains\task-res\controllers\notebooks.php(19): models\model_base->load()
#2 D:\OpenServer\domains\task-res\index.php(36): notebooks->add()
#3 {main}
  thrown in D:\OpenServer\domains\task-res\models\model_base.php on line 97
[02-Jun-2024 00:14:12 Europe/Moscow] PHP Warning:  Undefined array key "name" in D:\OpenServer\domains\task-res\widgetForm.php on line 7
[02-Jun-2024 00:14:12 Europe/Moscow] PHP Warning:  Undefined array key "company" in D:\OpenServer\domains\task-res\widgetForm.php on line 7
[02-Jun-2024 00:14:12 Europe/Moscow] PHP Warning:  Undefined array key "email" in D:\OpenServer\domains\task-res\widgetForm.php on line 7
[02-Jun-2024 00:14:12 Europe/Moscow] PHP Warning:  Undefined array key "date" in D:\OpenServer\domains\task-res\widgetForm.php on line 7
[02-Jun-2024 00:14:12 Europe/Moscow] PHP Warning:  Undefined array key "foto" in D:\OpenServer\domains\task-res\widgetForm.php on line 19
[02-Jun-2024 00:14:23 Europe/Moscow] PHP Warning:  Undefined array key "name" in D:\OpenServer\domains\task-res\widgetForm.php on line 7
[02-Jun-2024 00:14:23 Europe/Moscow] PHP Warning:  Undefined array key "telefon" in D:\OpenServer\domains\task-res\widgetForm.php on line 7
[02-Jun-2024 00:14:23 Europe/Moscow] PHP Warning:  Undefined array key "date" in D:\OpenServer\domains\task-res\widgetForm.php on line 7
[02-Jun-2024 00:14:23 Europe/Moscow] PHP Warning:  Undefined array key "foto" in D:\OpenServer\domains\task-res\widgetForm.php on line 19
